  Ada.cpp
  AdaInterfaceButtons.cpp
  Alphabet.cpp
  Caesar.cpp
  Character.cpp
  Main.cpp
Main.cpp(16): warning C4244: 'argument': conversion from 'time_t' to 'unsigned int', possible loss of data
Main.cpp(324): warning C4018: '<': signed/unsigned mismatch
Main.cpp(333): warning C4018: '<': signed/unsigned mismatch
Main.cpp(345): warning C4018: '<': signed/unsigned mismatch
Main.cpp(507): warning C4018: '<': signed/unsigned mismatch
Main.cpp(524): warning C4018: '<': signed/unsigned mismatch
Main.cpp(564): warning C4018: '<': signed/unsigned mismatch
  Morse.cpp
  Rail.cpp
  Texture.cpp
  Window.cpp
  collisions.cpp
  npc.cpp
  staticFunctions.cpp
  Generating code
  95 of 698 functions (13.6%) were compiled, the rest were copied from previous compilation.
    44 functions were new in current compilation
    33 functions had inline decision re-evaluated but remain unchanged
  Finished generating code
  Game01.vcxproj -> C:\Users\tatus\Documents\GitHub\teamB\Game06\Release\Game01.exe
  Game01.vcxproj -> C:\Users\tatus\Documents\GitHub\teamB\Game06\Release\Game01.pdb (Full PDB)
